Connecting to database specified by database.yml


Started GET "/" for 127.0.0.1 at 2014-02-07 11:19:54 +0100
Processing by PostsController#index as HTML
  [1m[36mPost Load (0.4ms)[0m  [1mSELECT "posts".* FROM "posts" [0m
  [1m[35mCACHE (0.0ms)[0m  SELECT "posts".* FROM "posts" 
no term
json
[{"content":"root : => \"controller#action\"","created_at":"2014-01-30T00:13:16Z","editionNo":0,"id":1,"title":"Ruby on rails Routing","updated_at":"2014-01-30T00:13:16Z"},{"content":"this is a test!","created_at":"2014-01-30T00:13:54Z","editionNo":0,"id":2,"title":"Post test","updated_at":"2014-01-30T00:13:54Z"},{"content":"autocompletion works!","created_at":"2014-01-30T00:14:18Z","editionNo":0,"id":3,"title":"Post autocompletion","updated_at":"2014-01-30T00:14:18Z"}]
  Rendered posts/index.html.erb within layouts/application (14.2ms)
Completed 500 Internal Server Error in 134ms

ActionView::Template::Error (undefined method `login' for nil:NilClass):
    7: 
    8: <% @posts.each do |post|%>
    9: <div class="post">
    10: 	<h2> <%=  link_to post.title, post_path(post) %> par <%= link_to post.user.login, post.user %> </h2>
    11: 	<p> <%= simple_format(post.content()) %>  </p>
    12: 	<p> Ce post a été édité <%= post.editionNo%>  fois </br>
    13: 		<% if (current_user == post.user) %>
  app/views/posts/index.html.erb:10:in `block in _app_views_posts_index_html_erb__705319618_92834620'
  app/views/posts/index.html.erb:8:in `each'
  app/views/posts/index.html.erb:8:in `_app_views_posts_index_html_erb__705319618_92834620'
  app/controllers/posts_controller.rb:28:in `index'


  Rendered /home/yacine/.rvm/gems/ruby-2.0.0-p353/gems/actionpack-3.2.13/lib/action_dispatch/middleware/templates/rescues/_trace.erb (1.1ms)
  Rendered /home/yacine/.rvm/gems/ruby-2.0.0-p353/gems/actionpack-3.2.13/lib/action_dispatch/middleware/templates/rescues/_request_and_response.erb (0.8ms)
  Rendered /home/yacine/.rvm/gems/ruby-2.0.0-p353/gems/actionpack-3.2.13/lib/action_dispatch/middleware/templates/rescues/template_error.erb within rescues/layout (7.5ms)
Connecting to database specified by database.yml
  [1m[36m (0.1ms)[0m  [1mSELECT "schema_migrations"."version" FROM "schema_migrations" [0m
Migrating to CreatePosts (20131211132113)
Migrating to AddEditNo (20131211142924)
Migrating to CreateQuestions (20140108121537)
Migrating to CreateAnswers (20140108121832)
Migrating to CreateUsers (20140127131859)
Migrating to AddPasswordToUsers (20140127142734)
Migrating to AddSaltToUsers (20140127144335)
Migrating to CreateTags (20140202081847)
  [1m[35m (0.0ms)[0m  select sqlite_version(*)
  [1m[36m (0.0ms)[0m  [1mbegin transaction[0m
  [1m[35m (0.3ms)[0m  CREATE TABLE "tags" ("id" INTEGER PRIMARY KEY AUTOINCREMENT NOT NULL, "name" varchar(255), "description" varchar(255), "created_at" datetime NOT NULL, "updated_at" datetime NOT NULL) 
  [1m[36m (0.1ms)[0m  [1mINSERT INTO "schema_migrations" ("version") VALUES ('20140202081847')[0m
  [1m[35m (191.6ms)[0m  commit transaction
Migrating to CreateQuestionsTagsJoin (20140202093229)
  [1m[36m (0.2ms)[0m  [1mbegin transaction[0m
  [1m[35m (0.8ms)[0m  CREATE TABLE "questions_tags" ("question_id" integer, "tag_id" integer) 
  [1m[36m (0.3ms)[0m  [1mINSERT INTO "schema_migrations" ("version") VALUES ('20140202093229')[0m
  [1m[35m (174.1ms)[0m  commit transaction
Migrating to AddUserToPosts (20140205142003)
  [1m[36m (0.2ms)[0m  [1mbegin transaction[0m
  [1m[35m (0.9ms)[0m  ALTER TABLE "posts" ADD "user_id" integer
  [1m[36m (0.3ms)[0m  [1mINSERT INTO "schema_migrations" ("version") VALUES ('20140205142003')[0m
  [1m[35m (175.8ms)[0m  commit transaction
Migrating to AddUserToQuestions (20140205142019)
  [1m[36m (0.2ms)[0m  [1mbegin transaction[0m
  [1m[35m (1.0ms)[0m  ALTER TABLE "questions" ADD "user_id" integer
  [1m[36m (0.3ms)[0m  [1mINSERT INTO "schema_migrations" ("version") VALUES ('20140205142019')[0m
  [1m[35m (163.2ms)[0m  commit transaction
Migrating to AddUserToAnswers (20140205142035)
  [1m[36m (0.2ms)[0m  [1mbegin transaction[0m
  [1m[35m (0.9ms)[0m  ALTER TABLE "answers" ADD "user_id" integer
  [1m[36m (0.3ms)[0m  [1mINSERT INTO "schema_migrations" ("version") VALUES ('20140205142035')[0m
  [1m[35m (163.0ms)[0m  commit transaction
  [1m[36m (0.2ms)[0m  [1mSELECT "schema_migrations"."version" FROM "schema_migrations" [0m
Connecting to database specified by database.yml


Started GET "/" for 127.0.0.1 at 2014-02-07 11:21:36 +0100
Processing by PostsController#index as HTML
  [1m[36mPost Load (0.1ms)[0m  [1mSELECT "posts".* FROM "posts" [0m
  [1m[35mCACHE (0.0ms)[0m  SELECT "posts".* FROM "posts" 
no term
json
[{"content":"root : => \"controller#action\"","created_at":"2014-01-30T00:13:16Z","editionNo":0,"id":1,"title":"Ruby on rails Routing","updated_at":"2014-01-30T00:13:16Z","user_id":null},{"content":"this is a test!","created_at":"2014-01-30T00:13:54Z","editionNo":0,"id":2,"title":"Post test","updated_at":"2014-01-30T00:13:54Z","user_id":null},{"content":"autocompletion works!","created_at":"2014-01-30T00:14:18Z","editionNo":0,"id":3,"title":"Post autocompletion","updated_at":"2014-01-30T00:14:18Z","user_id":null}]
  Rendered posts/index.html.erb within layouts/application (5.0ms)
Completed 500 Internal Server Error in 28ms

ActionView::Template::Error (undefined method `login' for nil:NilClass):
    7: 
    8: <% @posts.each do |post|%>
    9: <div class="post">
    10: 	<h2> <%=  link_to post.title, post_path(post) %> par <%= link_to post.user.login, post.user %> </h2>
    11: 	<p> <%= simple_format(post.content()) %>  </p>
    12: 	<p> Ce post a été édité <%= post.editionNo%>  fois </br>
    13: 		<% if (current_user == post.user) %>
  app/views/posts/index.html.erb:10:in `block in _app_views_posts_index_html_erb__337926699_91759930'
  app/views/posts/index.html.erb:8:in `each'
  app/views/posts/index.html.erb:8:in `_app_views_posts_index_html_erb__337926699_91759930'
  app/controllers/posts_controller.rb:28:in `index'


  Rendered /home/yacine/.rvm/gems/ruby-2.0.0-p353/gems/actionpack-3.2.13/lib/action_dispatch/middleware/templates/rescues/_trace.erb (1.1ms)
  Rendered /home/yacine/.rvm/gems/ruby-2.0.0-p353/gems/actionpack-3.2.13/lib/action_dispatch/middleware/templates/rescues/_request_and_response.erb (0.9ms)
  Rendered /home/yacine/.rvm/gems/ruby-2.0.0-p353/gems/actionpack-3.2.13/lib/action_dispatch/middleware/templates/rescues/template_error.erb within rescues/layout (7.1ms)


Started GET "/" for 127.0.0.1 at 2014-02-07 11:21:38 +0100
Processing by PostsController#index as HTML
  [1m[36mPost Load (0.2ms)[0m  [1mSELECT "posts".* FROM "posts" [0m
  [1m[35mCACHE (0.0ms)[0m  SELECT "posts".* FROM "posts" 
no term
json
[{"content":"root : => \"controller#action\"","created_at":"2014-01-30T00:13:16Z","editionNo":0,"id":1,"title":"Ruby on rails Routing","updated_at":"2014-01-30T00:13:16Z","user_id":null},{"content":"this is a test!","created_at":"2014-01-30T00:13:54Z","editionNo":0,"id":2,"title":"Post test","updated_at":"2014-01-30T00:13:54Z","user_id":null},{"content":"autocompletion works!","created_at":"2014-01-30T00:14:18Z","editionNo":0,"id":3,"title":"Post autocompletion","updated_at":"2014-01-30T00:14:18Z","user_id":null}]
  Rendered posts/index.html.erb within layouts/application (1.0ms)
Completed 500 Internal Server Error in 4ms

ActionView::Template::Error (undefined method `login' for nil:NilClass):
    7: 
    8: <% @posts.each do |post|%>
    9: <div class="post">
    10: 	<h2> <%=  link_to post.title, post_path(post) %> par <%= link_to post.user.login, post.user %> </h2>
    11: 	<p> <%= simple_format(post.content()) %>  </p>
    12: 	<p> Ce post a été édité <%= post.editionNo%>  fois </br>
    13: 		<% if (current_user == post.user) %>
  app/views/posts/index.html.erb:10:in `block in _app_views_posts_index_html_erb__337926699_91759930'
  app/views/posts/index.html.erb:8:in `each'
  app/views/posts/index.html.erb:8:in `_app_views_posts_index_html_erb__337926699_91759930'
  app/controllers/posts_controller.rb:28:in `index'


  Rendered /home/yacine/.rvm/gems/ruby-2.0.0-p353/gems/actionpack-3.2.13/lib/action_dispatch/middleware/templates/rescues/_trace.erb (1.2ms)
  Rendered /home/yacine/.rvm/gems/ruby-2.0.0-p353/gems/actionpack-3.2.13/lib/action_dispatch/middleware/templates/rescues/_request_and_response.erb (0.8ms)
  Rendered /home/yacine/.rvm/gems/ruby-2.0.0-p353/gems/actionpack-3.2.13/lib/action_dispatch/middleware/templates/rescues/template_error.erb within rescues/layout (7.1ms)


Started GET "/" for 127.0.0.1 at 2014-02-07 11:21:39 +0100
Processing by PostsController#index as HTML
  [1m[36mPost Load (0.1ms)[0m  [1mSELECT "posts".* FROM "posts" [0m
  [1m[35mCACHE (0.0ms)[0m  SELECT "posts".* FROM "posts" 
no term
json
[{"content":"root : => \"controller#action\"","created_at":"2014-01-30T00:13:16Z","editionNo":0,"id":1,"title":"Ruby on rails Routing","updated_at":"2014-01-30T00:13:16Z","user_id":null},{"content":"this is a test!","created_at":"2014-01-30T00:13:54Z","editionNo":0,"id":2,"title":"Post test","updated_at":"2014-01-30T00:13:54Z","user_id":null},{"content":"autocompletion works!","created_at":"2014-01-30T00:14:18Z","editionNo":0,"id":3,"title":"Post autocompletion","updated_at":"2014-01-30T00:14:18Z","user_id":null}]
  Rendered posts/index.html.erb within layouts/application (1.0ms)
Completed 500 Internal Server Error in 4ms

ActionView::Template::Error (undefined method `login' for nil:NilClass):
    7: 
    8: <% @posts.each do |post|%>
    9: <div class="post">
    10: 	<h2> <%=  link_to post.title, post_path(post) %> par <%= link_to post.user.login, post.user %> </h2>
    11: 	<p> <%= simple_format(post.content()) %>  </p>
    12: 	<p> Ce post a été édité <%= post.editionNo%>  fois </br>
    13: 		<% if (current_user == post.user) %>
  app/views/posts/index.html.erb:10:in `block in _app_views_posts_index_html_erb__337926699_91759930'
  app/views/posts/index.html.erb:8:in `each'
  app/views/posts/index.html.erb:8:in `_app_views_posts_index_html_erb__337926699_91759930'
  app/controllers/posts_controller.rb:28:in `index'


  Rendered /home/yacine/.rvm/gems/ruby-2.0.0-p353/gems/actionpack-3.2.13/lib/action_dispatch/middleware/templates/rescues/_trace.erb (1.4ms)
  Rendered /home/yacine/.rvm/gems/ruby-2.0.0-p353/gems/actionpack-3.2.13/lib/action_dispatch/middleware/templates/rescues/_request_and_response.erb (0.8ms)
  Rendered /home/yacine/.rvm/gems/ruby-2.0.0-p353/gems/actionpack-3.2.13/lib/action_dispatch/middleware/templates/rescues/template_error.erb within rescues/layout (7.5ms)


Started GET "/" for 127.0.0.1 at 2014-02-07 11:21:39 +0100
Processing by PostsController#index as HTML
  [1m[36mPost Load (0.4ms)[0m  [1mSELECT "posts".* FROM "posts" [0m
  [1m[35mCACHE (0.0ms)[0m  SELECT "posts".* FROM "posts" 
no term
json
[{"content":"root : => \"controller#action\"","created_at":"2014-01-30T00:13:16Z","editionNo":0,"id":1,"title":"Ruby on rails Routing","updated_at":"2014-01-30T00:13:16Z","user_id":null},{"content":"this is a test!","created_at":"2014-01-30T00:13:54Z","editionNo":0,"id":2,"title":"Post test","updated_at":"2014-01-30T00:13:54Z","user_id":null},{"content":"autocompletion works!","created_at":"2014-01-30T00:14:18Z","editionNo":0,"id":3,"title":"Post autocompletion","updated_at":"2014-01-30T00:14:18Z","user_id":null}]
  Rendered posts/index.html.erb within layouts/application (1.0ms)
Completed 500 Internal Server Error in 6ms

ActionView::Template::Error (undefined method `login' for nil:NilClass):
    7: 
    8: <% @posts.each do |post|%>
    9: <div class="post">
    10: 	<h2> <%=  link_to post.title, post_path(post) %> par <%= link_to post.user.login, post.user %> </h2>
    11: 	<p> <%= simple_format(post.content()) %>  </p>
    12: 	<p> Ce post a été édité <%= post.editionNo%>  fois </br>
    13: 		<% if (current_user == post.user) %>
  app/views/posts/index.html.erb:10:in `block in _app_views_posts_index_html_erb__337926699_91759930'
  app/views/posts/index.html.erb:8:in `each'
  app/views/posts/index.html.erb:8:in `_app_views_posts_index_html_erb__337926699_91759930'
  app/controllers/posts_controller.rb:28:in `index'


  Rendered /home/yacine/.rvm/gems/ruby-2.0.0-p353/gems/actionpack-3.2.13/lib/action_dispatch/middleware/templates/rescues/_trace.erb (20.3ms)
  Rendered /home/yacine/.rvm/gems/ruby-2.0.0-p353/gems/actionpack-3.2.13/lib/action_dispatch/middleware/templates/rescues/_request_and_response.erb (0.9ms)
  Rendered /home/yacine/.rvm/gems/ruby-2.0.0-p353/gems/actionpack-3.2.13/lib/action_dispatch/middleware/templates/rescues/template_error.erb within rescues/layout (26.5ms)


Started GET "/" for 127.0.0.1 at 2014-02-07 11:21:39 +0100
Processing by PostsController#index as HTML
  [1m[36mPost Load (0.2ms)[0m  [1mSELECT "posts".* FROM "posts" [0m
  [1m[35mCACHE (0.0ms)[0m  SELECT "posts".* FROM "posts" 
no term
json
[{"content":"root : => \"controller#action\"","created_at":"2014-01-30T00:13:16Z","editionNo":0,"id":1,"title":"Ruby on rails Routing","updated_at":"2014-01-30T00:13:16Z","user_id":null},{"content":"this is a test!","created_at":"2014-01-30T00:13:54Z","editionNo":0,"id":2,"title":"Post test","updated_at":"2014-01-30T00:13:54Z","user_id":null},{"content":"autocompletion works!","created_at":"2014-01-30T00:14:18Z","editionNo":0,"id":3,"title":"Post autocompletion","updated_at":"2014-01-30T00:14:18Z","user_id":null}]
  Rendered posts/index.html.erb within layouts/application (1.1ms)
Completed 500 Internal Server Error in 5ms

ActionView::Template::Error (undefined method `login' for nil:NilClass):
    7: 
    8: <% @posts.each do |post|%>
    9: <div class="post">
    10: 	<h2> <%=  link_to post.title, post_path(post) %> par <%= link_to post.user.login, post.user %> </h2>
    11: 	<p> <%= simple_format(post.content()) %>  </p>
    12: 	<p> Ce post a été édité <%= post.editionNo%>  fois </br>
    13: 		<% if (current_user == post.user) %>
  app/views/posts/index.html.erb:10:in `block in _app_views_posts_index_html_erb__337926699_91759930'
  app/views/posts/index.html.erb:8:in `each'
  app/views/posts/index.html.erb:8:in `_app_views_posts_index_html_erb__337926699_91759930'
  app/controllers/posts_controller.rb:28:in `index'


  Rendered /home/yacine/.rvm/gems/ruby-2.0.0-p353/gems/actionpack-3.2.13/lib/action_dispatch/middleware/templates/rescues/_trace.erb (1.2ms)
  Rendered /home/yacine/.rvm/gems/ruby-2.0.0-p353/gems/actionpack-3.2.13/lib/action_dispatch/middleware/templates/rescues/_request_and_response.erb (0.8ms)
  Rendered /home/yacine/.rvm/gems/ruby-2.0.0-p353/gems/actionpack-3.2.13/lib/action_dispatch/middleware/templates/rescues/template_error.erb within rescues/layout (7.4ms)


Started GET "/" for 127.0.0.1 at 2014-02-07 11:21:40 +0100
Processing by PostsController#index as HTML
  [1m[36mPost Load (0.2ms)[0m  [1mSELECT "posts".* FROM "posts" [0m
  [1m[35mCACHE (0.0ms)[0m  SELECT "posts".* FROM "posts" 
no term
json
[{"content":"root : => \"controller#action\"","created_at":"2014-01-30T00:13:16Z","editionNo":0,"id":1,"title":"Ruby on rails Routing","updated_at":"2014-01-30T00:13:16Z","user_id":null},{"content":"this is a test!","created_at":"2014-01-30T00:13:54Z","editionNo":0,"id":2,"title":"Post test","updated_at":"2014-01-30T00:13:54Z","user_id":null},{"content":"autocompletion works!","created_at":"2014-01-30T00:14:18Z","editionNo":0,"id":3,"title":"Post autocompletion","updated_at":"2014-01-30T00:14:18Z","user_id":null}]
  Rendered posts/index.html.erb within layouts/application (0.9ms)
Completed 500 Internal Server Error in 4ms

ActionView::Template::Error (undefined method `login' for nil:NilClass):
    7: 
    8: <% @posts.each do |post|%>
    9: <div class="post">
    10: 	<h2> <%=  link_to post.title, post_path(post) %> par <%= link_to post.user.login, post.user %> </h2>
    11: 	<p> <%= simple_format(post.content()) %>  </p>
    12: 	<p> Ce post a été édité <%= post.editionNo%>  fois </br>
    13: 		<% if (current_user == post.user) %>
  app/views/posts/index.html.erb:10:in `block in _app_views_posts_index_html_erb__337926699_91759930'
  app/views/posts/index.html.erb:8:in `each'
  app/views/posts/index.html.erb:8:in `_app_views_posts_index_html_erb__337926699_91759930'
  app/controllers/posts_controller.rb:28:in `index'


  Rendered /home/yacine/.rvm/gems/ruby-2.0.0-p353/gems/actionpack-3.2.13/lib/action_dispatch/middleware/templates/rescues/_trace.erb (1.2ms)
  Rendered /home/yacine/.rvm/gems/ruby-2.0.0-p353/gems/actionpack-3.2.13/lib/action_dispatch/middleware/templates/rescues/_request_and_response.erb (0.8ms)
  Rendered /home/yacine/.rvm/gems/ruby-2.0.0-p353/gems/actionpack-3.2.13/lib/action_dispatch/middleware/templates/rescues/template_error.erb within rescues/layout (7.6ms)


Started GET "/" for 127.0.0.1 at 2014-02-07 11:21:40 +0100
Processing by PostsController#index as HTML
  [1m[36mPost Load (0.5ms)[0m  [1mSELECT "posts".* FROM "posts" [0m
  [1m[35mCACHE (0.0ms)[0m  SELECT "posts".* FROM "posts" 
no term
json
[{"content":"root : => \"controller#action\"","created_at":"2014-01-30T00:13:16Z","editionNo":0,"id":1,"title":"Ruby on rails Routing","updated_at":"2014-01-30T00:13:16Z","user_id":null},{"content":"this is a test!","created_at":"2014-01-30T00:13:54Z","editionNo":0,"id":2,"title":"Post test","updated_at":"2014-01-30T00:13:54Z","user_id":null},{"content":"autocompletion works!","created_at":"2014-01-30T00:14:18Z","editionNo":0,"id":3,"title":"Post autocompletion","updated_at":"2014-01-30T00:14:18Z","user_id":null}]
  Rendered posts/index.html.erb within layouts/application (1.0ms)
Completed 500 Internal Server Error in 7ms

ActionView::Template::Error (undefined method `login' for nil:NilClass):
    7: 
    8: <% @posts.each do |post|%>
    9: <div class="post">
    10: 	<h2> <%=  link_to post.title, post_path(post) %> par <%= link_to post.user.login, post.user %> </h2>
    11: 	<p> <%= simple_format(post.content()) %>  </p>
    12: 	<p> Ce post a été édité <%= post.editionNo%>  fois </br>
    13: 		<% if (current_user == post.user) %>
  app/views/posts/index.html.erb:10:in `block in _app_views_posts_index_html_erb__337926699_91759930'
  app/views/posts/index.html.erb:8:in `each'
  app/views/posts/index.html.erb:8:in `_app_views_posts_index_html_erb__337926699_91759930'
  app/controllers/posts_controller.rb:28:in `index'


  Rendered /home/yacine/.rvm/gems/ruby-2.0.0-p353/gems/actionpack-3.2.13/lib/action_dispatch/middleware/templates/rescues/_trace.erb (1.1ms)
  Rendered /home/yacine/.rvm/gems/ruby-2.0.0-p353/gems/actionpack-3.2.13/lib/action_dispatch/middleware/templates/rescues/_request_and_response.erb (0.8ms)
  Rendered /home/yacine/.rvm/gems/ruby-2.0.0-p353/gems/actionpack-3.2.13/lib/action_dispatch/middleware/templates/rescues/template_error.erb within rescues/layout (6.9ms)


Started GET "/" for 127.0.0.1 at 2014-02-07 11:21:40 +0100
Processing by PostsController#index as HTML
  [1m[36mPost Load (0.1ms)[0m  [1mSELECT "posts".* FROM "posts" [0m
  [1m[35mCACHE (0.0ms)[0m  SELECT "posts".* FROM "posts" 
no term
json
[{"content":"root : => \"controller#action\"","created_at":"2014-01-30T00:13:16Z","editionNo":0,"id":1,"title":"Ruby on rails Routing","updated_at":"2014-01-30T00:13:16Z","user_id":null},{"content":"this is a test!","created_at":"2014-01-30T00:13:54Z","editionNo":0,"id":2,"title":"Post test","updated_at":"2014-01-30T00:13:54Z","user_id":null},{"content":"autocompletion works!","created_at":"2014-01-30T00:14:18Z","editionNo":0,"id":3,"title":"Post autocompletion","updated_at":"2014-01-30T00:14:18Z","user_id":null}]
  Rendered posts/index.html.erb within layouts/application (0.9ms)
Completed 500 Internal Server Error in 4ms

ActionView::Template::Error (undefined method `login' for nil:NilClass):
    7: 
    8: <% @posts.each do |post|%>
    9: <div class="post">
    10: 	<h2> <%=  link_to post.title, post_path(post) %> par <%= link_to post.user.login, post.user %> </h2>
    11: 	<p> <%= simple_format(post.content()) %>  </p>
    12: 	<p> Ce post a été édité <%= post.editionNo%>  fois </br>
    13: 		<% if (current_user == post.user) %>
  app/views/posts/index.html.erb:10:in `block in _app_views_posts_index_html_erb__337926699_91759930'
  app/views/posts/index.html.erb:8:in `each'
  app/views/posts/index.html.erb:8:in `_app_views_posts_index_html_erb__337926699_91759930'
  app/controllers/posts_controller.rb:28:in `index'


  Rendered /home/yacine/.rvm/gems/ruby-2.0.0-p353/gems/actionpack-3.2.13/lib/action_dispatch/middleware/templates/rescues/_trace.erb (1.3ms)
  Rendered /home/yacine/.rvm/gems/ruby-2.0.0-p353/gems/actionpack-3.2.13/lib/action_dispatch/middleware/templates/rescues/_request_and_response.erb (0.8ms)
  Rendered /home/yacine/.rvm/gems/ruby-2.0.0-p353/gems/actionpack-3.2.13/lib/action_dispatch/middleware/templates/rescues/template_error.erb within rescues/layout (7.6ms)
Connecting to database specified by database.yml
  [1m[36m (2.1ms)[0m  [1mselect sqlite_version(*)[0m
  [1m[35m (208.3ms)[0m  CREATE TABLE "answers" ("id" INTEGER PRIMARY KEY AUTOINCREMENT NOT NULL, "content" text, "score" integer, "question_id" integer, "validated" boolean, "created_at" datetime NOT NULL, "updated_at" datetime NOT NULL, "user_id" integer) 
  [1m[36m (187.4ms)[0m  [1mCREATE TABLE "posts" ("id" INTEGER PRIMARY KEY AUTOINCREMENT NOT NULL, "title" varchar(255), "content" text, "created_at" datetime NOT NULL, "updated_at" datetime NOT NULL, "editionNo" integer, "user_id" integer) [0m
  [1m[35m (176.5ms)[0m  CREATE TABLE "questions" ("id" INTEGER PRIMARY KEY AUTOINCREMENT NOT NULL, "title" varchar(255), "content" text, "score" integer, "created_at" datetime NOT NULL, "updated_at" datetime NOT NULL, "user_id" integer) 
  [1m[36m (155.3ms)[0m  [1mCREATE TABLE "questions_tags" ("question_id" integer, "tag_id" integer) [0m
  [1m[35m (154.4ms)[0m  CREATE TABLE "tags" ("id" INTEGER PRIMARY KEY AUTOINCREMENT NOT NULL, "name" varchar(255), "description" varchar(255), "created_at" datetime NOT NULL, "updated_at" datetime NOT NULL) 
  [1m[36m (153.3ms)[0m  [1mCREATE TABLE "users" ("id" INTEGER PRIMARY KEY AUTOINCREMENT NOT NULL, "right" integer, "name" varchar(255), "lastname" varchar(255), "study" integer, "points" integer, "email" varchar(255), "created_at" datetime NOT NULL, "updated_at" datetime NOT NULL, "encrypted_password" varchar(255), "salt" varchar(255)) [0m
  [1m[35m (177.6ms)[0m  CREATE TABLE "schema_migrations" ("version" varchar(255) NOT NULL) 
  [1m[36m (157.4ms)[0m  [1mCREATE UNIQUE INDEX "unique_schema_migrations" ON "schema_migrations" ("version")[0m
  [1m[35m (0.2ms)[0m  SELECT version FROM "schema_migrations"
  [1m[36m (177.0ms)[0m  [1mINSERT INTO "schema_migrations" (version) VALUES ('20140205142035')[0m
  [1m[35m (156.4ms)[0m  INSERT INTO "schema_migrations" (version) VALUES ('20140202081847')
  [1m[36m (156.4ms)[0m  [1mINSERT INTO "schema_migrations" (version) VALUES ('20140127131859')[0m
  [1m[35m (145.3ms)[0m  INSERT INTO "schema_migrations" (version) VALUES ('20140205142019')
  [1m[36m (134.1ms)[0m  [1mINSERT INTO "schema_migrations" (version) VALUES ('20140108121832')[0m
  [1m[35m (145.4ms)[0m  INSERT INTO "schema_migrations" (version) VALUES ('20140127142734')
  [1m[36m (145.2ms)[0m  [1mINSERT INTO "schema_migrations" (version) VALUES ('20131211142924')[0m
  [1m[35m (167.6ms)[0m  INSERT INTO "schema_migrations" (version) VALUES ('20140127144335')
  [1m[36m (165.3ms)[0m  [1mINSERT INTO "schema_migrations" (version) VALUES ('20140205142003')[0m
  [1m[35m (167.5ms)[0m  INSERT INTO "schema_migrations" (version) VALUES ('20140108121537')
  [1m[36m (167.6ms)[0m  [1mINSERT INTO "schema_migrations" (version) VALUES ('20140202093229')[0m
  [1m[35m (167.6ms)[0m  INSERT INTO "schema_migrations" (version) VALUES ('20131211132113')
  [1m[36m (0.3ms)[0m  [1mSELECT "schema_migrations"."version" FROM "schema_migrations" [0m
Connecting to database specified by database.yml
  [1m[36m (0.1ms)[0m  [1mSELECT "schema_migrations"."version" FROM "schema_migrations" [0m
Migrating to CreatePosts (20131211132113)
Migrating to AddEditNo (20131211142924)
Migrating to CreateQuestions (20140108121537)
Migrating to CreateAnswers (20140108121832)
Migrating to CreateUsers (20140127131859)
Migrating to AddPasswordToUsers (20140127142734)
Migrating to AddSaltToUsers (20140127144335)
Migrating to CreateTags (20140202081847)
Migrating to CreateQuestionsTagsJoin (20140202093229)
Migrating to AddUserToPosts (20140205142003)
Migrating to AddUserToQuestions (20140205142019)
Migrating to AddUserToAnswers (20140205142035)
  [1m[35m (0.1ms)[0m  select sqlite_version(*)
  [1m[36m (0.1ms)[0m  [1mSELECT "schema_migrations"."version" FROM "schema_migrations" [0m
Connecting to database specified by database.yml


Started GET "/" for 127.0.0.1 at 2014-02-07 11:23:47 +0100
Processing by PostsController#index as HTML
  [1m[36mPost Load (0.1ms)[0m  [1mSELECT "posts".* FROM "posts" [0m
  [1m[35mCACHE (0.0ms)[0m  SELECT "posts".* FROM "posts" 
no term
json
[]
  Rendered posts/index.html.erb within layouts/application (1.5ms)
  [1m[36mUser Load (0.1ms)[0m  [1mSELECT "users".* FROM "users" WHERE "users"."id" IS NULL LIMIT 1[0m
  Rendered shared/_menu.html.erb (30.0ms)
Completed 200 OK in 73ms (Views: 60.3ms | ActiveRecord: 1.6ms)


Started GET "/assets/application.css" for 127.0.0.1 at 2014-02-07 11:23:48 +0100
Compiled token-input-facebook.css  (0ms)  (pid 4401)
Compiled token-input-mac.css  (0ms)  (pid 4401)
Compiled token-input.css  (0ms)  (pid 4401)
Compiled application.css  (55ms)  (pid 4401)
Served asset /application.css - 200 OK (212ms)


Started GET "/assets/token-input.css" for 127.0.0.1 at 2014-02-07 11:23:48 +0100
Served asset /token-input.css - 200 OK (3ms)


Started GET "/assets/application.js" for 127.0.0.1 at 2014-02-07 11:23:48 +0100
Compiled jquery.tokeninput.js  (0ms)  (pid 4401)
Compiled application.js  (9ms)  (pid 4401)
Served asset /application.js - 200 OK (490ms)


Started GET "/assets/jquery.tokeninput.js" for 127.0.0.1 at 2014-02-07 11:23:48 +0100
Served asset /jquery.tokeninput.js - 200 OK (6ms)


Started GET "/assets/jquery-ui/ui-bg_flat_75_ffffff_40x100.png" for 127.0.0.1 at 2014-02-07 11:23:49 +0100
Served asset /jquery-ui/ui-bg_flat_75_ffffff_40x100.png - 304 Not Modified (6ms)


Started GET "/posts" for 127.0.0.1 at 2014-02-07 11:23:50 +0100
Processing by PostsController#index as HTML
  [1m[35mPost Load (0.1ms)[0m  SELECT "posts".* FROM "posts" 
  [1m[36mCACHE (0.0ms)[0m  [1mSELECT "posts".* FROM "posts" [0m
no term
json
[]
  Rendered posts/index.html.erb within layouts/application (0.2ms)
  [1m[35mUser Load (0.1ms)[0m  SELECT "users".* FROM "users" WHERE "users"."id" IS NULL LIMIT 1
  Rendered shared/_menu.html.erb (1.8ms)
Completed 200 OK in 8ms (Views: 6.6ms | ActiveRecord: 0.3ms)


Started GET "/assets/jquery-ui/ui-bg_flat_75_ffffff_40x100.png" for 127.0.0.1 at 2014-02-07 11:23:50 +0100
Served asset /jquery-ui/ui-bg_flat_75_ffffff_40x100.png - 304 Not Modified (0ms)


Started GET "/tags" for 127.0.0.1 at 2014-02-07 11:23:51 +0100
Processing by TagsController#index as HTML
  [1m[36mTag Load (0.1ms)[0m  [1mSELECT "tags".* FROM "tags" [0m
  [1m[35mCACHE (0.0ms)[0m  SELECT "tags".* FROM "tags" 
test c++

string :

  Rendered tags/index.html.erb within layouts/application (1.8ms)
  [1m[36mUser Load (0.1ms)[0m  [1mSELECT "users".* FROM "users" WHERE "users"."id" IS NULL LIMIT 1[0m
  Rendered shared/_menu.html.erb (1.8ms)
Completed 200 OK in 20ms (Views: 17.3ms | ActiveRecord: 0.5ms)


Started GET "/assets/jquery-ui/ui-bg_flat_75_ffffff_40x100.png" for 127.0.0.1 at 2014-02-07 11:23:52 +0100
Served asset /jquery-ui/ui-bg_flat_75_ffffff_40x100.png - 304 Not Modified (0ms)


Started GET "/questions" for 127.0.0.1 at 2014-02-07 11:23:52 +0100
Processing by QuestionsController#index as HTML
  [1m[35mQuestion Load (0.1ms)[0m  SELECT "questions".* FROM "questions" 
  [1m[36mCACHE (0.0ms)[0m  [1mSELECT "questions".* FROM "questions" [0m
no term Question
json
[]
  Rendered questions/index.html.erb within layouts/application (0.8ms)
  [1m[35mUser Load (0.1ms)[0m  SELECT "users".* FROM "users" WHERE "users"."id" IS NULL LIMIT 1
  Rendered shared/_menu.html.erb (1.7ms)
Completed 200 OK in 9ms (Views: 7.1ms | ActiveRecord: 0.4ms)


Started GET "/assets/jquery-ui/ui-bg_flat_75_ffffff_40x100.png" for 127.0.0.1 at 2014-02-07 11:23:53 +0100
Served asset /jquery-ui/ui-bg_flat_75_ffffff_40x100.png - 304 Not Modified (0ms)


Started GET "/questions/new" for 127.0.0.1 at 2014-02-07 11:23:53 +0100
Processing by QuestionsController#new as HTML
  [1m[36mUser Load (0.2ms)[0m  [1mSELECT "users".* FROM "users" WHERE "users"."id" IS NULL LIMIT 1[0m
Redirected to http://localhost:3000/signin
Filter chain halted as :signed_in_user rendered or redirected
Completed 302 Found in 2ms (ActiveRecord: 0.2ms)


Started GET "/signin" for 127.0.0.1 at 2014-02-07 11:23:53 +0100
Processing by SessionsController#new as HTML
  Rendered sessions/new.html.erb within layouts/application (2.0ms)
  [1m[35mUser Load (0.2ms)[0m  SELECT "users".* FROM "users" WHERE "users"."id" IS NULL LIMIT 1
  Rendered shared/_menu.html.erb (1.8ms)
Completed 200 OK in 8ms (Views: 8.0ms | ActiveRecord: 0.2ms)


Started GET "/assets/jquery-ui/ui-bg_flat_75_ffffff_40x100.png" for 127.0.0.1 at 2014-02-07 11:23:54 +0100
Served asset /jquery-ui/ui-bg_flat_75_ffffff_40x100.png - 304 Not Modified (0ms)


Started GET "/signup" for 127.0.0.1 at 2014-02-07 11:23:59 +0100
Processing by UsersController#new as HTML
  Rendered shared/_error_messages.html.erb (0.4ms)
  Rendered users/new.html.erb within layouts/application (65.2ms)
Completed 500 Internal Server Error in 102ms

ActionView::Template::Error (undefined method `login' for #<User:0xb544ecf0>):
    4: <%= render 'shared/error_messages' %>
    5: <div class="field">
    6:   <%= f.label :login %><br />
    7:   <%= f.text_field :login , class:"form-control"%>
    8: </div>
    9: <div class="field">
    10:   <%= f.label :prénom %><br />
  app/views/users/new.html.erb:7:in `block in _app_views_users_new_html_erb__334326278_83896840'
  app/views/users/new.html.erb:3:in `_app_views_users_new_html_erb__334326278_83896840'


  Rendered /home/yacine/.rvm/gems/ruby-2.0.0-p353/gems/actionpack-3.2.13/lib/action_dispatch/middleware/templates/rescues/_trace.erb (1.1ms)
  Rendered /home/yacine/.rvm/gems/ruby-2.0.0-p353/gems/actionpack-3.2.13/lib/action_dispatch/middleware/templates/rescues/_request_and_response.erb (0.9ms)
  Rendered /home/yacine/.rvm/gems/ruby-2.0.0-p353/gems/actionpack-3.2.13/lib/action_dispatch/middleware/templates/rescues/template_error.erb within rescues/layout (7.1ms)


Started GET "/signup" for 127.0.0.1 at 2014-02-07 11:24:03 +0100
Processing by UsersController#new as HTML
  Rendered shared/_error_messages.html.erb (0.1ms)
  Rendered users/new.html.erb within layouts/application (4.8ms)
Completed 500 Internal Server Error in 8ms

ActionView::Template::Error (undefined method `login' for #<User:0xaf55b54>):
    4: <%= render 'shared/error_messages' %>
    5: <div class="field">
    6:   <%= f.label :login %><br />
    7:   <%= f.text_field :login , class:"form-control"%>
    8: </div>
    9: <div class="field">
    10:   <%= f.label :prénom %><br />
  app/views/users/new.html.erb:7:in `block in _app_views_users_new_html_erb__334326278_83896840'
  app/views/users/new.html.erb:3:in `_app_views_users_new_html_erb__334326278_83896840'


  Rendered /home/yacine/.rvm/gems/ruby-2.0.0-p353/gems/actionpack-3.2.13/lib/action_dispatch/middleware/templates/rescues/_trace.erb (1.2ms)
  Rendered /home/yacine/.rvm/gems/ruby-2.0.0-p353/gems/actionpack-3.2.13/lib/action_dispatch/middleware/templates/rescues/_request_and_response.erb (1.0ms)
  Rendered /home/yacine/.rvm/gems/ruby-2.0.0-p353/gems/actionpack-3.2.13/lib/action_dispatch/middleware/templates/rescues/template_error.erb within rescues/layout (7.8ms)


Started GET "/sessions?utf8=%E2%9C%93" for 127.0.0.1 at 2014-02-07 11:24:07 +0100
Processing by SessionsController#index as HTML
  Parameters: {"utf8"=>"✓"}
Guessed service url: "http://localhost:3000/sessions?utf8=%E2%9C%93"
Generated login url: https://cas.ipb.fr/login?service=http%3A%2F%2Flocalhost%3A3000%2Fsessions%3Futf8%3D%25E2%259C%2593
Redirecting to "https://cas.ipb.fr/login?service=http%3A%2F%2Flocalhost%3A3000%2Fsessions%3Futf8%3D%25E2%259C%2593"
Redirected to https://cas.ipb.fr/login?service=http%3A%2F%2Flocalhost%3A3000%2Fsessions%3Futf8%3D%25E2%259C%2593
Filter chain halted as CASClient::Frameworks::Rails::Filter rendered or redirected
Completed 302 Found in 1ms (ActiveRecord: 0.0ms)


Started GET "/sessions?utf8=%E2%9C%93&ticket=ST-32707-On3pdS2tm4qkDNJIRVAJ-cas" for 127.0.0.1 at 2014-02-07 11:24:16 +0100
Processing by SessionsController#index as HTML
  Parameters: {"utf8"=>"✓", "ticket"=>"ST-32707-On3pdS2tm4qkDNJIRVAJ-cas"}
Request contains ticket "ST-32707-On3pdS2tm4qkDNJIRVAJ-cas".
Guessed service url: "http://localhost:3000/sessions?utf8=%E2%9C%93"
Requesting CAS response for URI https://cas.ipb.fr/proxyValidate?service=http%3A%2F%2Flocalhost%3A3000%2Fsessions%3Futf8%3D%25E2%259C%2593&ticket=ST-32707-On3pdS2tm4qkDNJIRVAJ-cas
CAS server responded with #<Net::HTTPOK 200 OK readbody=true>:
<cas:serviceResponse xmlns:cas='http://www.yale.edu/tp/cas'>
	<cas:authenticationSuccess>
		<cas:user>yeljarrari</cas:user>


	</cas:authenticationSuccess>
</cas:serviceResponse>
Ticket "ST-32707-On3pdS2tm4qkDNJIRVAJ-cas" for service "http://localhost:3000/sessions?utf8=%E2%9C%93" belonging to user "yeljarrari" is VALID.
Extra user attributes provided along with ticket "ST-32707-On3pdS2tm4qkDNJIRVAJ-cas": {}.
Completed 500 Internal Server Error in 362ms

NameError (uninitialized constant SessionsController::HEAD):
  app/controllers/sessions_controller.rb:5:in `index'


  Rendered /home/yacine/.rvm/gems/ruby-2.0.0-p353/gems/actionpack-3.2.13/lib/action_dispatch/middleware/templates/rescues/_trace.erb (2.5ms)
  Rendered /home/yacine/.rvm/gems/ruby-2.0.0-p353/gems/actionpack-3.2.13/lib/action_dispatch/middleware/templates/rescues/_request_and_response.erb (0.9ms)
  Rendered /home/yacine/.rvm/gems/ruby-2.0.0-p353/gems/actionpack-3.2.13/lib/action_dispatch/middleware/templates/rescues/diagnostics.erb within rescues/layout (15.3ms)


Started GET "/sessions?utf8=%E2%9C%93&ticket=ST-32708-aFfah4HTcomdUi0niiAc-cas" for 127.0.0.1 at 2014-02-07 11:24:24 +0100
Processing by SessionsController#index as HTML
  Parameters: {"utf8"=>"✓", "ticket"=>"ST-32708-aFfah4HTcomdUi0niiAc-cas"}
Request contains ticket "ST-32708-aFfah4HTcomdUi0niiAc-cas".
Guessed service url: "http://localhost:3000/sessions?utf8=%E2%9C%93"
Requesting CAS response for URI https://cas.ipb.fr/proxyValidate?service=http%3A%2F%2Flocalhost%3A3000%2Fsessions%3Futf8%3D%25E2%259C%2593&ticket=ST-32708-aFfah4HTcomdUi0niiAc-cas
CAS server responded with #<Net::HTTPOK 200 OK readbody=true>:
<cas:serviceResponse xmlns:cas='http://www.yale.edu/tp/cas'>
	<cas:authenticationSuccess>
		<cas:user>yeljarrari</cas:user>


	</cas:authenticationSuccess>
</cas:serviceResponse>
Ticket "ST-32708-aFfah4HTcomdUi0niiAc-cas" for service "http://localhost:3000/sessions?utf8=%E2%9C%93" belonging to user "yeljarrari" is VALID.
Extra user attributes provided along with ticket "ST-32708-aFfah4HTcomdUi0niiAc-cas": {}.
Completed 500 Internal Server Error in 1182ms

NameError (uninitialized constant SessionsController::HEAD):
  app/controllers/sessions_controller.rb:5:in `index'


  Rendered /home/yacine/.rvm/gems/ruby-2.0.0-p353/gems/actionpack-3.2.13/lib/action_dispatch/middleware/templates/rescues/_trace.erb (1.2ms)
  Rendered /home/yacine/.rvm/gems/ruby-2.0.0-p353/gems/actionpack-3.2.13/lib/action_dispatch/middleware/templates/rescues/_request_and_response.erb (0.9ms)
  Rendered /home/yacine/.rvm/gems/ruby-2.0.0-p353/gems/actionpack-3.2.13/lib/action_dispatch/middleware/templates/rescues/diagnostics.erb within rescues/layout (7.3ms)


Started GET "/s" for 127.0.0.1 at 2014-02-07 11:24:30 +0100

ActionController::RoutingError (No route matches [GET] "/s"):
  actionpack (3.2.13) lib/action_dispatch/middleware/debug_exceptions.rb:21:in `call'
  actionpack (3.2.13) lib/action_dispatch/middleware/show_exceptions.rb:56:in `call'
  railties (3.2.13) lib/rails/rack/logger.rb:32:in `call_app'
  railties (3.2.13) lib/rails/rack/logger.rb:16:in `block in call'
  activesupport (3.2.13) lib/active_support/tagged_logging.rb:22:in `tagged'
  railties (3.2.13) lib/rails/rack/logger.rb:16:in `call'
  actionpack (3.2.13) lib/action_dispatch/middleware/request_id.rb:22:in `call'
  rack (1.4.5) lib/rack/methodoverride.rb:21:in `call'
  rack (1.4.5) lib/rack/runtime.rb:17:in `call'
  activesupport (3.2.13) lib/active_support/cache/strategy/local_cache.rb:72:in `call'
  rack (1.4.5) lib/rack/lock.rb:15:in `call'
  actionpack (3.2.13) lib/action_dispatch/middleware/static.rb:63:in `call'
  railties (3.2.13) lib/rails/engine.rb:479:in `call'
  railties (3.2.13) lib/rails/application.rb:223:in `call'
  rack (1.4.5) lib/rack/content_length.rb:14:in `call'
  railties (3.2.13) lib/rails/rack/log_tailer.rb:17:in `call'
  rack (1.4.5) lib/rack/handler/webrick.rb:59:in `service'
  /home/yacine/.rvm/rubies/ruby-2.0.0-p353/lib/ruby/2.0.0/webrick/httpserver.rb:138:in `service'
  /home/yacine/.rvm/rubies/ruby-2.0.0-p353/lib/ruby/2.0.0/webrick/httpserver.rb:94:in `run'
  /home/yacine/.rvm/rubies/ruby-2.0.0-p353/lib/ruby/2.0.0/webrick/server.rb:295:in `block in start_thread'


  Rendered /home/yacine/.rvm/gems/ruby-2.0.0-p353/gems/actionpack-3.2.13/lib/action_dispatch/middleware/templates/rescues/routing_error.erb within rescues/layout (0.8ms)


Started GET "/" for 127.0.0.1 at 2014-02-07 11:24:32 +0100
Processing by PostsController#index as HTML
  [1m[36mPost Load (0.2ms)[0m  [1mSELECT "posts".* FROM "posts" [0m
  [1m[35mCACHE (0.0ms)[0m  SELECT "posts".* FROM "posts" 
no term
json
[]
  Rendered posts/index.html.erb within layouts/application (0.3ms)
  [1m[36mUser Load (0.2ms)[0m  [1mSELECT "users".* FROM "users" WHERE "users"."id" IS NULL LIMIT 1[0m
  Rendered shared/_menu.html.erb (2.2ms)
Completed 200 OK in 9ms (Views: 7.8ms | ActiveRecord: 0.3ms)


Started GET "/assets/application.css" for 127.0.0.1 at 2014-02-07 11:24:32 +0100
Served asset /application.css - 304 Not Modified (7ms)


Started GET "/assets/token-input.css" for 127.0.0.1 at 2014-02-07 11:24:32 +0100
Served asset /token-input.css - 304 Not Modified (0ms)


Started GET "/assets/application.js" for 127.0.0.1 at 2014-02-07 11:24:32 +0100
Served asset /application.js - 304 Not Modified (29ms)


Started GET "/assets/jquery.tokeninput.js" for 127.0.0.1 at 2014-02-07 11:24:32 +0100
Served asset /jquery.tokeninput.js - 304 Not Modified (0ms)


Started GET "/assets/jquery-ui/ui-bg_flat_75_ffffff_40x100.png" for 127.0.0.1 at 2014-02-07 11:24:33 +0100
Served asset /jquery-ui/ui-bg_flat_75_ffffff_40x100.png - 304 Not Modified (0ms)


Started GET "/users/new" for 127.0.0.1 at 2014-02-07 11:24:38 +0100
Processing by UsersController#new as HTML
  Rendered shared/_error_messages.html.erb (0.0ms)
  Rendered users/new.html.erb within layouts/application (1.9ms)
Completed 500 Internal Server Error in 3ms

ActionView::Template::Error (undefined method `login' for #<User:0xa529f18>):
    4: <%= render 'shared/error_messages' %>
    5: <div class="field">
    6:   <%= f.label :login %><br />
    7:   <%= f.text_field :login , class:"form-control"%>
    8: </div>
    9: <div class="field">
    10:   <%= f.label :prénom %><br />
  app/views/users/new.html.erb:7:in `block in _app_views_users_new_html_erb__334326278_83896840'
  app/views/users/new.html.erb:3:in `_app_views_users_new_html_erb__334326278_83896840'


  Rendered /home/yacine/.rvm/gems/ruby-2.0.0-p353/gems/actionpack-3.2.13/lib/action_dispatch/middleware/templates/rescues/_trace.erb (1.2ms)
  Rendered /home/yacine/.rvm/gems/ruby-2.0.0-p353/gems/actionpack-3.2.13/lib/action_dispatch/middleware/templates/rescues/_request_and_response.erb (0.9ms)
  Rendered /home/yacine/.rvm/gems/ruby-2.0.0-p353/gems/actionpack-3.2.13/lib/action_dispatch/middleware/templates/rescues/template_error.erb within rescues/layout (7.4ms)
Connecting to database specified by database.yml
  [1m[36m (0.6ms)[0m  [1mselect sqlite_version(*)[0m
  [1m[35m (179.9ms)[0m  CREATE TABLE "answers" ("id" INTEGER PRIMARY KEY AUTOINCREMENT NOT NULL, "content" text, "score" integer, "question_id" integer, "validated" boolean, "created_at" datetime NOT NULL, "updated_at" datetime NOT NULL, "user_id" integer) 
  [1m[36m (187.1ms)[0m  [1mCREATE TABLE "posts" ("id" INTEGER PRIMARY KEY AUTOINCREMENT NOT NULL, "title" varchar(255), "content" text, "created_at" datetime NOT NULL, "updated_at" datetime NOT NULL, "editionNo" integer, "user_id" integer) [0m
  [1m[35m (176.2ms)[0m  CREATE TABLE "questions" ("id" INTEGER PRIMARY KEY AUTOINCREMENT NOT NULL, "title" varchar(255), "content" text, "score" integer, "created_at" datetime NOT NULL, "updated_at" datetime NOT NULL, "user_id" integer) 
  [1m[36m (179.0ms)[0m  [1mCREATE TABLE "questions_tags" ("question_id" integer, "tag_id" integer) [0m
  [1m[35m (176.5ms)[0m  CREATE TABLE "tags" ("id" INTEGER PRIMARY KEY AUTOINCREMENT NOT NULL, "name" varchar(255), "description" varchar(255), "created_at" datetime NOT NULL, "updated_at" datetime NOT NULL) 
  [1m[36m (142.1ms)[0m  [1mCREATE TABLE "users" ("id" INTEGER PRIMARY KEY AUTOINCREMENT NOT NULL, "right" integer, "name" varchar(255), "lastname" varchar(255), "study" integer, "points" integer, "email" varchar(255), "created_at" datetime NOT NULL, "updated_at" datetime NOT NULL, "encrypted_password" varchar(255), "salt" varchar(255)) [0m
  [1m[35m (155.4ms)[0m  CREATE TABLE "schema_migrations" ("version" varchar(255) NOT NULL) 
  [1m[36m (144.7ms)[0m  [1mCREATE UNIQUE INDEX "unique_schema_migrations" ON "schema_migrations" ("version")[0m
  [1m[35m (0.2ms)[0m  SELECT version FROM "schema_migrations"
  [1m[36m (243.8ms)[0m  [1mINSERT INTO "schema_migrations" (version) VALUES ('20140205142035')[0m
  [1m[35m (156.3ms)[0m  INSERT INTO "schema_migrations" (version) VALUES ('20140202081847')
  [1m[36m (156.4ms)[0m  [1mINSERT INTO "schema_migrations" (version) VALUES ('20140127131859')[0m
  [1m[35m (157.9ms)[0m  INSERT INTO "schema_migrations" (version) VALUES ('20140205142019')
  [1m[36m (134.2ms)[0m  [1mINSERT INTO "schema_migrations" (version) VALUES ('20140108121832')[0m
  [1m[35m (123.2ms)[0m  INSERT INTO "schema_migrations" (version) VALUES ('20140127142734')
  [1m[36m (134.2ms)[0m  [1mINSERT INTO "schema_migrations" (version) VALUES ('20131211142924')[0m
  [1m[35m (156.3ms)[0m  INSERT INTO "schema_migrations" (version) VALUES ('20140127144335')
  [1m[36m (156.4ms)[0m  [1mINSERT INTO "schema_migrations" (version) VALUES ('20140205142003')[0m
  [1m[35m (156.6ms)[0m  INSERT INTO "schema_migrations" (version) VALUES ('20140108121537')
  [1m[36m (156.9ms)[0m  [1mINSERT INTO "schema_migrations" (version) VALUES ('20140202093229')[0m
  [1m[35m (150.2ms)[0m  INSERT INTO "schema_migrations" (version) VALUES ('20131211132113')
  [1m[36m (0.3ms)[0m  [1mSELECT "schema_migrations"."version" FROM "schema_migrations" [0m
Connecting to database specified by database.yml
  [1m[36m (0.6ms)[0m  [1mselect sqlite_version(*)[0m
  [1m[35m (203.0ms)[0m  CREATE TABLE "answers" ("id" INTEGER PRIMARY KEY AUTOINCREMENT NOT NULL, "content" text, "score" integer, "question_id" integer, "validated" boolean, "created_at" datetime NOT NULL, "updated_at" datetime NOT NULL, "user_id" integer) 
  [1m[36m (176.1ms)[0m  [1mCREATE TABLE "posts" ("id" INTEGER PRIMARY KEY AUTOINCREMENT NOT NULL, "title" varchar(255), "content" text, "created_at" datetime NOT NULL, "updated_at" datetime NOT NULL, "editionNo" integer, "user_id" integer) [0m
  [1m[35m (176.3ms)[0m  CREATE TABLE "questions" ("id" INTEGER PRIMARY KEY AUTOINCREMENT NOT NULL, "title" varchar(255), "content" text, "score" integer, "created_at" datetime NOT NULL, "updated_at" datetime NOT NULL, "user_id" integer) 
  [1m[36m (177.5ms)[0m  [1mCREATE TABLE "questions_tags" ("question_id" integer, "tag_id" integer) [0m
  [1m[35m (387.9ms)[0m  CREATE TABLE "tags" ("id" INTEGER PRIMARY KEY AUTOINCREMENT NOT NULL, "name" varchar(255), "description" varchar(255), "created_at" datetime NOT NULL, "updated_at" datetime NOT NULL) 
  [1m[36m (142.3ms)[0m  [1mCREATE TABLE "users" ("id" INTEGER PRIMARY KEY AUTOINCREMENT NOT NULL, "right" integer, "name" varchar(255), "lastname" varchar(255), "study" integer, "points" integer, "email" varchar(255), "created_at" datetime NOT NULL, "updated_at" datetime NOT NULL, "encrypted_password" varchar(255), "salt" varchar(255)) [0m
  [1m[35m (179.3ms)[0m  CREATE TABLE "schema_migrations" ("version" varchar(255) NOT NULL) 
  [1m[36m (156.0ms)[0m  [1mCREATE UNIQUE INDEX "unique_schema_migrations" ON "schema_migrations" ("version")[0m
  [1m[35m (0.2ms)[0m  SELECT version FROM "schema_migrations"
  [1m[36m (177.1ms)[0m  [1mINSERT INTO "schema_migrations" (version) VALUES ('20140205142035')[0m
  [1m[35m (156.5ms)[0m  INSERT INTO "schema_migrations" (version) VALUES ('20140202081847')
  [1m[36m (156.6ms)[0m  [1mINSERT INTO "schema_migrations" (version) VALUES ('20140127131859')[0m
  [1m[35m (123.2ms)[0m  INSERT INTO "schema_migrations" (version) VALUES ('20140205142019')
  [1m[36m (123.2ms)[0m  [1mINSERT INTO "schema_migrations" (version) VALUES ('20140108121832')[0m
  [1m[35m (146.9ms)[0m  INSERT INTO "schema_migrations" (version) VALUES ('20140127142734')
  [1m[36m (156.5ms)[0m  [1mINSERT INTO "schema_migrations" (version) VALUES ('20131211142924')[0m
  [1m[35m (156.6ms)[0m  INSERT INTO "schema_migrations" (version) VALUES ('20140127144335')
  [1m[36m (156.5ms)[0m  [1mINSERT INTO "schema_migrations" (version) VALUES ('20140205142003')[0m
  [1m[35m (145.4ms)[0m  INSERT INTO "schema_migrations" (version) VALUES ('20140108121537')
  [1m[36m (123.2ms)[0m  [1mINSERT INTO "schema_migrations" (version) VALUES ('20140202093229')[0m
  [1m[35m (156.4ms)[0m  INSERT INTO "schema_migrations" (version) VALUES ('20131211132113')
  [1m[36m (0.3ms)[0m  [1mSELECT "schema_migrations"."version" FROM "schema_migrations" [0m
Connecting to database specified by database.yml


Started GET "/users/new" for 127.0.0.1 at 2014-02-07 11:25:53 +0100
Processing by UsersController#new as HTML
  Rendered shared/_error_messages.html.erb (0.4ms)
  Rendered users/new.html.erb within layouts/application (9.1ms)
Completed 500 Internal Server Error in 32ms

ActionView::Template::Error (undefined method `login' for #<User:0xa436a98>):
    4: <%= render 'shared/error_messages' %>
    5: <div class="field">
    6:   <%= f.label :login %><br />
    7:   <%= f.text_field :login , class:"form-control"%>
    8: </div>
    9: <div class="field">
    10:   <%= f.label :prénom %><br />
  app/views/users/new.html.erb:7:in `block in _app_views_users_new_html_erb___115485822_86852170'
  app/views/users/new.html.erb:3:in `_app_views_users_new_html_erb___115485822_86852170'


  Rendered /home/yacine/.rvm/gems/ruby-2.0.0-p353/gems/actionpack-3.2.13/lib/action_dispatch/middleware/templates/rescues/_trace.erb (1.2ms)
  Rendered /home/yacine/.rvm/gems/ruby-2.0.0-p353/gems/actionpack-3.2.13/lib/action_dispatch/middleware/templates/rescues/_request_and_response.erb (0.8ms)
  Rendered /home/yacine/.rvm/gems/ruby-2.0.0-p353/gems/actionpack-3.2.13/lib/action_dispatch/middleware/templates/rescues/template_error.erb within rescues/layout (6.8ms)


Started GET "/" for 127.0.0.1 at 2014-02-07 11:26:59 +0100
Processing by PostsController#index as HTML
  [1m[36mPost Load (0.1ms)[0m  [1mSELECT "posts".* FROM "posts" [0m
  [1m[35mCACHE (0.0ms)[0m  SELECT "posts".* FROM "posts" 
no term
json
[]
  Rendered posts/index.html.erb within layouts/application (1.3ms)
  [1m[36mUser Load (0.2ms)[0m  [1mSELECT "users".* FROM "users" WHERE "users"."id" IS NULL LIMIT 1[0m
  Rendered shared/_menu.html.erb (28.9ms)
Completed 200 OK in 40ms (Views: 36.7ms | ActiveRecord: 0.6ms)


Started GET "/assets/application.css" for 127.0.0.1 at 2014-02-07 11:26:59 +0100
Served asset /application.css - 304 Not Modified (37ms)


Started GET "/assets/token-input.css" for 127.0.0.1 at 2014-02-07 11:27:00 +0100
Served asset /token-input.css - 304 Not Modified (3ms)


Started GET "/assets/application.js" for 127.0.0.1 at 2014-02-07 11:27:00 +0100
Served asset /application.js - 304 Not Modified (123ms)


Started GET "/assets/jquery.tokeninput.js" for 127.0.0.1 at 2014-02-07 11:27:00 +0100
Served asset /jquery.tokeninput.js - 304 Not Modified (6ms)


Started GET "/assets/jquery-ui/ui-bg_flat_75_ffffff_40x100.png" for 127.0.0.1 at 2014-02-07 11:27:00 +0100
Served asset /jquery-ui/ui-bg_flat_75_ffffff_40x100.png - 304 Not Modified (2ms)


Started GET "/questions" for 127.0.0.1 at 2014-02-07 11:27:01 +0100
Processing by QuestionsController#index as HTML
  [1m[35mQuestion Load (0.1ms)[0m  SELECT "questions".* FROM "questions" 
  [1m[36mCACHE (0.0ms)[0m  [1mSELECT "questions".* FROM "questions" [0m
no term Question
json
[]
  Rendered questions/index.html.erb within layouts/application (0.9ms)
  [1m[35mUser Load (0.1ms)[0m  SELECT "users".* FROM "users" WHERE "users"."id" IS NULL LIMIT 1
  Rendered shared/_menu.html.erb (2.0ms)
Completed 200 OK in 10ms (Views: 7.9ms | ActiveRecord: 0.6ms)


Started GET "/assets/application.js" for 127.0.0.1 at 2014-02-07 11:27:01 +0100
Served asset /application.js - 304 Not Modified (10ms)


Started GET "/assets/application.css" for 127.0.0.1 at 2014-02-07 11:27:01 +0100
Served asset /application.css - 304 Not Modified (1ms)


Started GET "/assets/token-input.css" for 127.0.0.1 at 2014-02-07 11:27:01 +0100
Served asset /token-input.css - 304 Not Modified (0ms)


Started GET "/assets/jquery.tokeninput.js" for 127.0.0.1 at 2014-02-07 11:27:01 +0100
Served asset /jquery.tokeninput.js - 304 Not Modified (0ms)


Started GET "/assets/jquery-ui/ui-bg_flat_75_ffffff_40x100.png" for 127.0.0.1 at 2014-02-07 11:27:01 +0100
Served asset /jquery-ui/ui-bg_flat_75_ffffff_40x100.png - 304 Not Modified (0ms)


Started GET "/users" for 127.0.0.1 at 2014-02-07 11:27:02 +0100
Processing by UsersController#index as HTML
  [1m[36mUser Load (0.2ms)[0m  [1mSELECT "users".* FROM "users" [0m
  [1m[35mCACHE (0.0ms)[0m  SELECT "users".* FROM "users" 
no term
[]
json
[]
  Rendered users/index.html.erb within layouts/application (20.4ms)
  [1m[36mUser Load (0.1ms)[0m  [1mSELECT "users".* FROM "users" WHERE "users"."id" IS NULL LIMIT 1[0m
  Rendered shared/_menu.html.erb (1.9ms)
Completed 200 OK in 29ms (Views: 27.4ms | ActiveRecord: 0.3ms)


Started GET "/assets/application.css" for 127.0.0.1 at 2014-02-07 11:27:02 +0100
Served asset /application.css - 304 Not Modified (4ms)


Started GET "/assets/application.js" for 127.0.0.1 at 2014-02-07 11:27:02 +0100
Served asset /application.js - 304 Not Modified (23ms)


Started GET "/assets/token-input.css" for 127.0.0.1 at 2014-02-07 11:27:02 +0100
Served asset /token-input.css - 304 Not Modified (0ms)


Started GET "/assets/jquery.tokeninput.js" for 127.0.0.1 at 2014-02-07 11:27:02 +0100
Served asset /jquery.tokeninput.js - 304 Not Modified (0ms)


Started GET "/assets/jquery-ui/ui-bg_flat_75_ffffff_40x100.png" for 127.0.0.1 at 2014-02-07 11:27:02 +0100
Served asset /jquery-ui/ui-bg_flat_75_ffffff_40x100.png - 304 Not Modified (0ms)


Started GET "/users/new" for 127.0.0.1 at 2014-02-07 11:27:04 +0100
Processing by UsersController#new as HTML
  Rendered shared/_error_messages.html.erb (0.1ms)
  Rendered users/new.html.erb within layouts/application (2.5ms)
Completed 500 Internal Server Error in 4ms

ActionView::Template::Error (undefined method `login' for #<User:0xa4e1538>):
    4: <%= render 'shared/error_messages' %>
    5: <div class="field">
    6:   <%= f.label :login %><br />
    7:   <%= f.text_field :login , class:"form-control"%>
    8: </div>
    9: <div class="field">
    10:   <%= f.label :prénom %><br />
  app/views/users/new.html.erb:7:in `block in _app_views_users_new_html_erb___115485822_86852170'
  app/views/users/new.html.erb:3:in `_app_views_users_new_html_erb___115485822_86852170'


  Rendered /home/yacine/.rvm/gems/ruby-2.0.0-p353/gems/actionpack-3.2.13/lib/action_dispatch/middleware/templates/rescues/_trace.erb (2.0ms)
  Rendered /home/yacine/.rvm/gems/ruby-2.0.0-p353/gems/actionpack-3.2.13/lib/action_dispatch/middleware/templates/rescues/_request_and_response.erb (1.2ms)
  Rendered /home/yacine/.rvm/gems/ruby-2.0.0-p353/gems/actionpack-3.2.13/lib/action_dispatch/middleware/templates/rescues/template_error.erb within rescues/layout (9.6ms)
Connecting to database specified by database.yml
  [1m[36m (0.6ms)[0m  [1mselect sqlite_version(*)[0m
  [1m[35m (198.2ms)[0m  CREATE TABLE "answers" ("id" INTEGER PRIMARY KEY AUTOINCREMENT NOT NULL, "content" text, "score" integer, "question_id" integer, "validated" boolean, "created_at" datetime NOT NULL, "updated_at" datetime NOT NULL, "user_id" integer) 
  [1m[36m (165.1ms)[0m  [1mCREATE TABLE "posts" ("id" INTEGER PRIMARY KEY AUTOINCREMENT NOT NULL, "title" varchar(255), "content" text, "created_at" datetime NOT NULL, "updated_at" datetime NOT NULL, "editionNo" integer, "user_id" integer) [0m
  [1m[35m (165.1ms)[0m  CREATE TABLE "questions" ("id" INTEGER PRIMARY KEY AUTOINCREMENT NOT NULL, "title" varchar(255), "content" text, "score" integer, "created_at" datetime NOT NULL, "updated_at" datetime NOT NULL, "user_id" integer) 
  [1m[36m (166.8ms)[0m  [1mCREATE TABLE "questions_tags" ("question_id" integer, "tag_id" integer) [0m
  [1m[35m (198.8ms)[0m  CREATE TABLE "tags" ("id" INTEGER PRIMARY KEY AUTOINCREMENT NOT NULL, "name" varchar(255), "description" varchar(255), "created_at" datetime NOT NULL, "updated_at" datetime NOT NULL) 
  [1m[36m (197.7ms)[0m  [1mCREATE TABLE "users" ("id" INTEGER PRIMARY KEY AUTOINCREMENT NOT NULL, "right" integer, "name" varchar(255), "lastname" varchar(255), "study" integer, "points" integer, "email" varchar(255), "created_at" datetime NOT NULL, "updated_at" datetime NOT NULL, "encrypted_password" varchar(255), "salt" varchar(255)) [0m
  [1m[35m (201.5ms)[0m  CREATE TABLE "schema_migrations" ("version" varchar(255) NOT NULL) 
  [1m[36m (156.3ms)[0m  [1mCREATE UNIQUE INDEX "unique_schema_migrations" ON "schema_migrations" ("version")[0m
  [1m[35m (0.2ms)[0m  SELECT version FROM "schema_migrations"
  [1m[36m (166.1ms)[0m  [1mINSERT INTO "schema_migrations" (version) VALUES ('20140205142035')[0m
  [1m[35m (134.3ms)[0m  INSERT INTO "schema_migrations" (version) VALUES ('20140202081847')
  [1m[36m (145.4ms)[0m  [1mINSERT INTO "schema_migrations" (version) VALUES ('20140127131859')[0m
  [1m[35m (167.7ms)[0m  INSERT INTO "schema_migrations" (version) VALUES ('20140205142019')
  [1m[36m (156.3ms)[0m  [1mINSERT INTO "schema_migrations" (version) VALUES ('20140108121832')[0m
  [1m[35m (156.8ms)[0m  INSERT INTO "schema_migrations" (version) VALUES ('20140127142734')
  [1m[36m (135.9ms)[0m  [1mINSERT INTO "schema_migrations" (version) VALUES ('20131211142924')[0m
  [1m[35m (167.8ms)[0m  INSERT INTO "schema_migrations" (version) VALUES ('20140127144335')
  [1m[36m (123.2ms)[0m  [1mINSERT INTO "schema_migrations" (version) VALUES ('20140205142003')[0m
  [1m[35m (134.1ms)[0m  INSERT INTO "schema_migrations" (version) VALUES ('20140108121537')
  [1m[36m (156.5ms)[0m  [1mINSERT INTO "schema_migrations" (version) VALUES ('20140202093229')[0m
  [1m[35m (167.7ms)[0m  INSERT INTO "schema_migrations" (version) VALUES ('20131211132113')
  [1m[36m (0.4ms)[0m  [1mSELECT "schema_migrations"."version" FROM "schema_migrations" [0m
Connecting to database specified by database.yml
  [1m[36m (0.1ms)[0m  [1mSELECT "schema_migrations"."version" FROM "schema_migrations" [0m
Migrating to CreatePosts (20131211132113)
Migrating to AddEditNo (20131211142924)
Migrating to CreateQuestions (20140108121537)
Migrating to CreateAnswers (20140108121832)
Migrating to CreateUsers (20140127131859)
Migrating to AddPasswordToUsers (20140127142734)
Migrating to AddSaltToUsers (20140127144335)
Migrating to CreateTags (20140202081847)
Migrating to CreateQuestionsTagsJoin (20140202093229)
Migrating to AddUserToPosts (20140205142003)
Migrating to AddUserToQuestions (20140205142019)
Migrating to AddUserToAnswers (20140205142035)
  [1m[35m (0.1ms)[0m  select sqlite_version(*)
  [1m[36m (0.1ms)[0m  [1mSELECT "schema_migrations"."version" FROM "schema_migrations" [0m
Connecting to database specified by database.yml


Started GET "/" for 127.0.0.1 at 2014-02-07 11:28:17 +0100
Processing by PostsController#index as HTML
  [1m[36mPost Load (0.1ms)[0m  [1mSELECT "posts".* FROM "posts" [0m
  [1m[35mCACHE (0.0ms)[0m  SELECT "posts".* FROM "posts" 
no term
json
[]
  Rendered posts/index.html.erb within layouts/application (1.4ms)
  [1m[36mUser Load (0.1ms)[0m  [1mSELECT "users".* FROM "users" WHERE "users"."id" IS NULL LIMIT 1[0m
  Rendered shared/_menu.html.erb (18.4ms)
Completed 200 OK in 40ms (Views: 28.3ms | ActiveRecord: 1.5ms)


Started GET "/assets/application.css" for 127.0.0.1 at 2014-02-07 11:28:18 +0100
Served asset /application.css - 304 Not Modified (64ms)


Started GET "/assets/application.js" for 127.0.0.1 at 2014-02-07 11:28:18 +0100
Served asset /application.js - 304 Not Modified (99ms)


Started GET "/assets/token-input.css" for 127.0.0.1 at 2014-02-07 11:28:18 +0100
Served asset /token-input.css - 304 Not Modified (2ms)


Started GET "/assets/jquery.tokeninput.js" for 127.0.0.1 at 2014-02-07 11:28:18 +0100
Served asset /jquery.tokeninput.js - 304 Not Modified (5ms)


Started GET "/assets/jquery-ui/ui-bg_flat_75_ffffff_40x100.png" for 127.0.0.1 at 2014-02-07 11:28:18 +0100
Served asset /jquery-ui/ui-bg_flat_75_ffffff_40x100.png - 304 Not Modified (1ms)


Started GET "/posts" for 127.0.0.1 at 2014-02-07 11:28:19 +0100
Processing by PostsController#index as HTML
  [1m[35mPost Load (0.2ms)[0m  SELECT "posts".* FROM "posts" 
  [1m[36mCACHE (0.0ms)[0m  [1mSELECT "posts".* FROM "posts" [0m
no term
json
[]
  Rendered posts/index.html.erb within layouts/application (0.7ms)
  [1m[35mUser Load (0.1ms)[0m  SELECT "users".* FROM "users" WHERE "users"."id" IS NULL LIMIT 1
  Rendered shared/_menu.html.erb (1.8ms)
Completed 200 OK in 19ms (Views: 16.9ms | ActiveRecord: 0.3ms)


Started GET "/assets/application.css" for 127.0.0.1 at 2014-02-07 11:28:19 +0100
Served asset /application.css - 304 Not Modified (8ms)


Started GET "/assets/token-input.css" for 127.0.0.1 at 2014-02-07 11:28:19 +0100
Served asset /token-input.css - 304 Not Modified (0ms)


Started GET "/assets/jquery.tokeninput.js" for 127.0.0.1 at 2014-02-07 11:28:19 +0100
Served asset /jquery.tokeninput.js - 304 Not Modified (20ms)


Started GET "/assets/application.js" for 127.0.0.1 at 2014-02-07 11:28:19 +0100
Served asset /application.js - 304 Not Modified (6ms)


Started GET "/assets/jquery-ui/ui-bg_flat_75_ffffff_40x100.png" for 127.0.0.1 at 2014-02-07 11:28:19 +0100
Served asset /jquery-ui/ui-bg_flat_75_ffffff_40x100.png - 304 Not Modified (0ms)


Started GET "/questions" for 127.0.0.1 at 2014-02-07 11:28:19 +0100
Processing by QuestionsController#index as HTML
  [1m[36mQuestion Load (0.1ms)[0m  [1mSELECT "questions".* FROM "questions" [0m
  [1m[35mCACHE (0.0ms)[0m  SELECT "questions".* FROM "questions" 
no term Question
json
[]
  Rendered questions/index.html.erb within layouts/application (0.8ms)
  [1m[36mUser Load (0.1ms)[0m  [1mSELECT "users".* FROM "users" WHERE "users"."id" IS NULL LIMIT 1[0m
  Rendered shared/_menu.html.erb (1.6ms)
Completed 200 OK in 9ms (Views: 7.0ms | ActiveRecord: 0.5ms)


Started GET "/assets/token-input.css" for 127.0.0.1 at 2014-02-07 11:28:19 +0100
Served asset /token-input.css - 304 Not Modified (0ms)


Started GET "/assets/application.js" for 127.0.0.1 at 2014-02-07 11:28:19 +0100
Served asset /application.js - 304 Not Modified (34ms)


Started GET "/assets/jquery.tokeninput.js" for 127.0.0.1 at 2014-02-07 11:28:19 +0100
Served asset /jquery.tokeninput.js - 304 Not Modified (0ms)


Started GET "/assets/application.css" for 127.0.0.1 at 2014-02-07 11:28:19 +0100
Served asset /application.css - 304 Not Modified (5ms)


Started GET "/assets/jquery-ui/ui-bg_flat_75_ffffff_40x100.png" for 127.0.0.1 at 2014-02-07 11:28:20 +0100
Served asset /jquery-ui/ui-bg_flat_75_ffffff_40x100.png - 304 Not Modified (0ms)


Started GET "/questions/new" for 127.0.0.1 at 2014-02-07 11:28:21 +0100
Processing by QuestionsController#new as HTML
  [1m[35mUser Load (0.2ms)[0m  SELECT "users".* FROM "users" WHERE "users"."id" IS NULL LIMIT 1
Redirected to http://localhost:3000/signin
Filter chain halted as :signed_in_user rendered or redirected
Completed 302 Found in 2ms (ActiveRecord: 0.2ms)


Started GET "/signin" for 127.0.0.1 at 2014-02-07 11:28:21 +0100
Processing by SessionsController#new as HTML
  Rendered sessions/new.html.erb within layouts/application (2.0ms)
  [1m[36mUser Load (0.2ms)[0m  [1mSELECT "users".* FROM "users" WHERE "users"."id" IS NULL LIMIT 1[0m
  Rendered shared/_menu.html.erb (1.8ms)
Completed 200 OK in 8ms (Views: 8.0ms | ActiveRecord: 0.2ms)


Started GET "/assets/application.css" for 127.0.0.1 at 2014-02-07 11:28:21 +0100
Served asset /application.css - 304 Not Modified (5ms)


Started GET "/assets/application.js" for 127.0.0.1 at 2014-02-07 11:28:21 +0100
Served asset /application.js - 304 Not Modified (31ms)


Started GET "/assets/token-input.css" for 127.0.0.1 at 2014-02-07 11:28:21 +0100
Served asset /token-input.css - 304 Not Modified (0ms)


Started GET "/assets/jquery.tokeninput.js" for 127.0.0.1 at 2014-02-07 11:28:21 +0100
Served asset /jquery.tokeninput.js - 304 Not Modified (0ms)


Started GET "/assets/jquery-ui/ui-bg_flat_75_ffffff_40x100.png" for 127.0.0.1 at 2014-02-07 11:28:21 +0100
Served asset /jquery-ui/ui-bg_flat_75_ffffff_40x100.png - 304 Not Modified (0ms)


Started POST "/sessions" for 127.0.0.1 at 2014-02-07 11:28:24 +0100
Processing by SessionsController#create as HTML
  Parameters: {"utf8"=>"✓", "authenticity_token"=>"qp/piBYqw+pkZUL8sfqu+woQJHE+TW9g54y344rTFUs=", "session"=>{"email"=>"", "password"=>"[FILTERED]"}, "commit"=>"S'identifier"}
  [1m[35mUser Load (0.1ms)[0m  SELECT "users".* FROM "users" WHERE "users"."email" = '' LIMIT 1
  Rendered sessions/new.html.erb within layouts/application (1.3ms)
  [1m[36mUser Load (0.1ms)[0m  [1mSELECT "users".* FROM "users" WHERE "users"."id" IS NULL LIMIT 1[0m
  Rendered shared/_menu.html.erb (2.6ms)
Completed 200 OK in 10ms (Views: 8.5ms | ActiveRecord: 0.3ms)


Started GET "/assets/token-input.css" for 127.0.0.1 at 2014-02-07 11:28:24 +0100
Served asset /token-input.css - 304 Not Modified (7ms)


Started GET "/assets/application.js" for 127.0.0.1 at 2014-02-07 11:28:24 +0100
Served asset /application.js - 304 Not Modified (10ms)


Started GET "/assets/application.css" for 127.0.0.1 at 2014-02-07 11:28:24 +0100
Served asset /application.css - 304 Not Modified (1ms)


Started GET "/assets/jquery.tokeninput.js" for 127.0.0.1 at 2014-02-07 11:28:24 +0100
Served asset /jquery.tokeninput.js - 304 Not Modified (0ms)


Started GET "/assets/jquery-ui/ui-bg_flat_75_ffffff_40x100.png" for 127.0.0.1 at 2014-02-07 11:28:24 +0100
Served asset /jquery-ui/ui-bg_flat_75_ffffff_40x100.png - 304 Not Modified (0ms)


Started GET "/questions" for 127.0.0.1 at 2014-02-07 11:28:29 +0100
Processing by QuestionsController#index as HTML
  [1m[35mQuestion Load (0.4ms)[0m  SELECT "questions".* FROM "questions" 
  [1m[36mCACHE (0.0ms)[0m  [1mSELECT "questions".* FROM "questions" [0m
no term Question
json
[]
  Rendered questions/index.html.erb within layouts/application (0.5ms)
  [1m[35mUser Load (0.1ms)[0m  SELECT "users".* FROM "users" WHERE "users"."id" IS NULL LIMIT 1
  Rendered shared/_menu.html.erb (1.8ms)
Completed 200 OK in 13ms (Views: 9.0ms | ActiveRecord: 0.5ms)


Started GET "/assets/jquery.tokeninput.js" for 127.0.0.1 at 2014-02-07 11:28:29 +0100
Served asset /jquery.tokeninput.js - 304 Not Modified (0ms)


Started GET "/assets/application.css" for 127.0.0.1 at 2014-02-07 11:28:29 +0100
Served asset /application.css - 304 Not Modified (3ms)


Started GET "/assets/application.js" for 127.0.0.1 at 2014-02-07 11:28:29 +0100
Served asset /application.js - 304 Not Modified (6ms)


Started GET "/assets/token-input.css" for 127.0.0.1 at 2014-02-07 11:28:29 +0100
Served asset /token-input.css - 304 Not Modified (0ms)


Started GET "/assets/jquery-ui/ui-bg_flat_75_ffffff_40x100.png" for 127.0.0.1 at 2014-02-07 11:28:29 +0100
Served asset /jquery-ui/ui-bg_flat_75_ffffff_40x100.png - 304 Not Modified (0ms)


Started GET "/users" for 127.0.0.1 at 2014-02-07 11:28:30 +0100
Processing by UsersController#index as HTML
  [1m[36mUser Load (0.4ms)[0m  [1mSELECT "users".* FROM "users" [0m
  [1m[35mCACHE (0.0ms)[0m  SELECT "users".* FROM "users" 
no term
[]
json
[]
  Rendered users/index.html.erb within layouts/application (0.4ms)
  [1m[36mUser Load (0.1ms)[0m  [1mSELECT "users".* FROM "users" WHERE "users"."id" IS NULL LIMIT 1[0m
  Rendered shared/_menu.html.erb (1.8ms)
Completed 200 OK in 10ms (Views: 6.4ms | ActiveRecord: 0.5ms)


Started GET "/assets/token-input.css" for 127.0.0.1 at 2014-02-07 11:28:30 +0100
Served asset /token-input.css - 304 Not Modified (0ms)


Started GET "/assets/application.css" for 127.0.0.1 at 2014-02-07 11:28:30 +0100
Served asset /application.css - 304 Not Modified (20ms)


Started GET "/assets/jquery.tokeninput.js" for 127.0.0.1 at 2014-02-07 11:28:30 +0100
Served asset /jquery.tokeninput.js - 304 Not Modified (0ms)


Started GET "/assets/application.js" for 127.0.0.1 at 2014-02-07 11:28:30 +0100
Served asset /application.js - 304 Not Modified (6ms)


Started GET "/assets/jquery-ui/ui-bg_flat_75_ffffff_40x100.png" for 127.0.0.1 at 2014-02-07 11:28:30 +0100
Served asset /jquery-ui/ui-bg_flat_75_ffffff_40x100.png - 304 Not Modified (0ms)


Started GET "/users/new" for 127.0.0.1 at 2014-02-07 11:28:32 +0100
Processing by UsersController#new as HTML
  Rendered shared/_error_messages.html.erb (0.4ms)
  Rendered users/new.html.erb within layouts/application (7.8ms)
Completed 500 Internal Server Error in 17ms

ActionView::Template::Error (undefined method `login' for #<User:0xa204324>):
    4: <%= render 'shared/error_messages' %>
    5: <div class="field">
    6:   <%= f.label :login %><br />
    7:   <%= f.text_field :login , class:"form-control"%>
    8: </div>
    9: <div class="field">
    10:   <%= f.label :prénom %><br />
  app/views/users/new.html.erb:7:in `block in _app_views_users_new_html_erb__341406943_88852670'
  app/views/users/new.html.erb:3:in `_app_views_users_new_html_erb__341406943_88852670'


  Rendered /home/yacine/.rvm/gems/ruby-2.0.0-p353/gems/actionpack-3.2.13/lib/action_dispatch/middleware/templates/rescues/_trace.erb (1.2ms)
  Rendered /home/yacine/.rvm/gems/ruby-2.0.0-p353/gems/actionpack-3.2.13/lib/action_dispatch/middleware/templates/rescues/_request_and_response.erb (0.9ms)
  Rendered /home/yacine/.rvm/gems/ruby-2.0.0-p353/gems/actionpack-3.2.13/lib/action_dispatch/middleware/templates/rescues/template_error.erb within rescues/layout (7.0ms)
Connecting to database specified by database.yml
Connecting to database specified by database.yml
  [1m[36m (0.1ms)[0m  [1mselect sqlite_version(*)[0m
  [1m[35m (199.7ms)[0m  CREATE TABLE "schema_migrations" ("version" varchar(255) NOT NULL) 
  [1m[36m (167.7ms)[0m  [1mCREATE UNIQUE INDEX "unique_schema_migrations" ON "schema_migrations" ("version")[0m
  [1m[35m (0.2ms)[0m  SELECT "schema_migrations"."version" FROM "schema_migrations" 
Migrating to CreatePosts (20131211132113)
  [1m[36m (0.1ms)[0m  [1mbegin transaction[0m
  [1m[35m (1.0ms)[0m  CREATE TABLE "posts" ("id" INTEGER PRIMARY KEY AUTOINCREMENT NOT NULL, "title" varchar(255), "content" text, "created_at" datetime NOT NULL, "updated_at" datetime NOT NULL) 
  [1m[36m (0.2ms)[0m  [1mINSERT INTO "schema_migrations" ("version") VALUES ('20131211132113')[0m
  [1m[35m (200.0ms)[0m  commit transaction
Migrating to AddEditNo (20131211142924)
  [1m[36m (0.2ms)[0m  [1mbegin transaction[0m
  [1m[35m (0.8ms)[0m  ALTER TABLE "posts" ADD "editionNo" integer
  [1m[36mPost Load (0.1ms)[0m  [1mSELECT "posts".* FROM "posts" [0m
  [1m[35m (0.1ms)[0m  INSERT INTO "schema_migrations" ("version") VALUES ('20131211142924')
  [1m[36m (208.8ms)[0m  [1mcommit transaction[0m
Migrating to CreateQuestions (20140108121537)
  [1m[35m (0.2ms)[0m  begin transaction
  [1m[36m (0.8ms)[0m  [1mCREATE TABLE "questions" ("id" INTEGER PRIMARY KEY AUTOINCREMENT NOT NULL, "title" varchar(255), "content" text, "score" integer, "created_at" datetime NOT NULL, "updated_at" datetime NOT NULL) [0m
  [1m[35m (0.2ms)[0m  INSERT INTO "schema_migrations" ("version") VALUES ('20140108121537')
  [1m[36m (217.2ms)[0m  [1mcommit transaction[0m
Migrating to CreateAnswers (20140108121832)
  [1m[35m (0.2ms)[0m  begin transaction
  [1m[36m (0.8ms)[0m  [1mCREATE TABLE "answers" ("id" INTEGER PRIMARY KEY AUTOINCREMENT NOT NULL, "content" text, "score" integer, "question_id" integer, "validated" boolean, "created_at" datetime NOT NULL, "updated_at" datetime NOT NULL) [0m
  [1m[35m (0.2ms)[0m  INSERT INTO "schema_migrations" ("version") VALUES ('20140108121832')
  [1m[36m (218.5ms)[0m  [1mcommit transaction[0m
Migrating to CreateUsers (20140127131859)
  [1m[35m (0.1ms)[0m  begin transaction
  [1m[36m (0.9ms)[0m  [1mCREATE TABLE "users" ("id" INTEGER PRIMARY KEY AUTOINCREMENT NOT NULL, "right" integer, "login" varchar(255), "name" varchar(255), "lastname" varchar(255), "study" integer, "points" integer, "email" varchar(255), "created_at" datetime NOT NULL, "updated_at" datetime NOT NULL) [0m
  [1m[35m (0.3ms)[0m  INSERT INTO "schema_migrations" ("version") VALUES ('20140127131859')
  [1m[36m (194.6ms)[0m  [1mcommit transaction[0m
Migrating to AddPasswordToUsers (20140127142734)
  [1m[35m (0.1ms)[0m  begin transaction
  [1m[36m (0.7ms)[0m  [1mALTER TABLE "users" ADD "encrypted_password" varchar(255)[0m
  [1m[35m (0.2ms)[0m  INSERT INTO "schema_migrations" ("version") VALUES ('20140127142734')
  [1m[36m (197.9ms)[0m  [1mcommit transaction[0m
Migrating to AddSaltToUsers (20140127144335)
  [1m[35m (0.2ms)[0m  begin transaction
  [1m[36m (1.0ms)[0m  [1mALTER TABLE "users" ADD "salt" varchar(255)[0m
  [1m[35m (0.3ms)[0m  INSERT INTO "schema_migrations" ("version") VALUES ('20140127144335')
  [1m[36m (263.2ms)[0m  [1mcommit transaction[0m
Migrating to CreateTags (20140202081847)
  [1m[35m (0.1ms)[0m  begin transaction
  [1m[36m (0.9ms)[0m  [1mCREATE TABLE "tags" ("id" INTEGER PRIMARY KEY AUTOINCREMENT NOT NULL, "name" varchar(255), "description" varchar(255), "created_at" datetime NOT NULL, "updated_at" datetime NOT NULL) [0m
  [1m[35m (0.3ms)[0m  INSERT INTO "schema_migrations" ("version") VALUES ('20140202081847')
  [1m[36m (173.3ms)[0m  [1mcommit transaction[0m
Migrating to CreateQuestionsTagsJoin (20140202093229)
  [1m[35m (0.1ms)[0m  begin transaction
  [1m[36m (0.9ms)[0m  [1mCREATE TABLE "questions_tags" ("question_id" integer, "tag_id" integer) [0m
  [1m[35m (0.3ms)[0m  INSERT INTO "schema_migrations" ("version") VALUES ('20140202093229')
  [1m[36m (185.5ms)[0m  [1mcommit transaction[0m
Migrating to AddUserToPosts (20140205142003)
  [1m[35m (0.1ms)[0m  begin transaction
  [1m[36m (0.9ms)[0m  [1mALTER TABLE "posts" ADD "user_id" integer[0m
  [1m[35m (0.3ms)[0m  INSERT INTO "schema_migrations" ("version") VALUES ('20140205142003')
  [1m[36m (197.1ms)[0m  [1mcommit transaction[0m
Migrating to AddUserToQuestions (20140205142019)
  [1m[35m (0.1ms)[0m  begin transaction
  [1m[36m (0.9ms)[0m  [1mALTER TABLE "questions" ADD "user_id" integer[0m
  [1m[35m (0.3ms)[0m  INSERT INTO "schema_migrations" ("version") VALUES ('20140205142019')
  [1m[36m (198.3ms)[0m  [1mcommit transaction[0m
Migrating to AddUserToAnswers (20140205142035)
  [1m[35m (0.2ms)[0m  begin transaction
  [1m[36m (0.8ms)[0m  [1mALTER TABLE "answers" ADD "user_id" integer[0m
  [1m[35m (0.3ms)[0m  INSERT INTO "schema_migrations" ("version") VALUES ('20140205142035')
  [1m[36m (196.9ms)[0m  [1mcommit transaction[0m
  [1m[35m (0.3ms)[0m  SELECT "schema_migrations"."version" FROM "schema_migrations" 
Connecting to database specified by database.yml


Started GET "/users/new" for 127.0.0.1 at 2014-02-07 11:32:28 +0100
Processing by UsersController#new as HTML
  Rendered shared/_error_messages.html.erb (0.4ms)
  Rendered users/new.html.erb within layouts/application (12.1ms)
  [1m[36mUser Load (0.2ms)[0m  [1mSELECT "users".* FROM "users" WHERE "users"."id" IS NULL LIMIT 1[0m
  Rendered shared/_menu.html.erb (7.4ms)
Completed 200 OK in 47ms (Views: 27.4ms | ActiveRecord: 1.1ms)


Started GET "/assets/application.css" for 127.0.0.1 at 2014-02-07 11:32:29 +0100
Served asset /application.css - 304 Not Modified (83ms)


Started GET "/assets/token-input.css" for 127.0.0.1 at 2014-02-07 11:32:29 +0100
Served asset /token-input.css - 304 Not Modified (6ms)


Started GET "/assets/jquery.tokeninput.js" for 127.0.0.1 at 2014-02-07 11:32:29 +0100
Served asset /jquery.tokeninput.js - 304 Not Modified (2ms)


Started GET "/assets/application.js" for 127.0.0.1 at 2014-02-07 11:32:29 +0100
Served asset /application.js - 304 Not Modified (108ms)


Started GET "/assets/jquery-ui/ui-bg_flat_75_ffffff_40x100.png" for 127.0.0.1 at 2014-02-07 11:32:29 +0100
Served asset /jquery-ui/ui-bg_flat_75_ffffff_40x100.png - 304 Not Modified (5ms)


Started GET "/" for 127.0.0.1 at 2014-02-07 11:33:01 +0100
Processing by PostsController#index as HTML
  [1m[35mPost Load (0.1ms)[0m  SELECT "posts".* FROM "posts" 
  [1m[36mCACHE (0.0ms)[0m  [1mSELECT "posts".* FROM "posts" [0m
no term
json
[]
  Rendered posts/index.html.erb within layouts/application (1.0ms)
  [1m[35mUser Load (0.2ms)[0m  SELECT "users".* FROM "users" WHERE "users"."id" IS NULL LIMIT 1
  Rendered shared/_menu.html.erb (3.7ms)
Completed 200 OK in 13ms (Views: 10.3ms | ActiveRecord: 0.5ms)


Started GET "/assets/application.css" for 127.0.0.1 at 2014-02-07 11:33:01 +0100
Served asset /application.css - 304 Not Modified (1ms)


Started GET "/assets/token-input.css" for 127.0.0.1 at 2014-02-07 11:33:02 +0100
Served asset /token-input.css - 304 Not Modified (0ms)


Started GET "/assets/jquery.tokeninput.js" for 127.0.0.1 at 2014-02-07 11:33:02 +0100
Served asset /jquery.tokeninput.js - 304 Not Modified (1ms)


Started GET "/assets/application.js" for 127.0.0.1 at 2014-02-07 11:33:02 +0100
Served asset /application.js - 304 Not Modified (6ms)


Started GET "/assets/jquery-ui/ui-bg_flat_75_ffffff_40x100.png" for 127.0.0.1 at 2014-02-07 11:33:02 +0100
Served asset /jquery-ui/ui-bg_flat_75_ffffff_40x100.png - 304 Not Modified (0ms)
