Compiled jquery.js  (3ms)  (pid 4898)
Compiled jquery_ujs.js  (0ms)  (pid 4898)
Compiled bootstrap.min.js  (0ms)  (pid 4898)
Compiled bootstrap.js  (3ms)  (pid 4898)
Compiled bootstrap.js.bak  (0ms)  (pid 4898)
Compiled posts.js  (354ms)  (pid 4898)
Compiled application.js  (440ms)  (pid 4898)
Compiled bootstrap.min.css  (2ms)  (pid 4898)
Compiled bootstrap.css  (2ms)  (pid 4898)
Compiled posts.css  (27ms)  (pid 4898)
Compiled application.css  (81ms)  (pid 4898)
Compiled jquery.js  (3ms)  (pid 4898)
Compiled jquery_ujs.js  (0ms)  (pid 4898)
Compiled bootstrap.min.js  (0ms)  (pid 4898)
Compiled bootstrap.js  (0ms)  (pid 4898)
Compiled bootstrap.js.bak  (0ms)  (pid 4898)
Compiled posts.js  (99ms)  (pid 4898)
Compiled application.js  (143ms)  (pid 4898)
Compiled bootstrap.min.css  (0ms)  (pid 4898)
Compiled bootstrap.css  (0ms)  (pid 4898)
Compiled posts.css  (3ms)  (pid 4898)
Compiled application.css  (14ms)  (pid 4898)
Compiled jquery.js  (3ms)  (pid 5086)
Compiled jquery_ujs.js  (0ms)  (pid 5086)
Compiled bootstrap.min.js  (0ms)  (pid 5086)
Compiled bootstrap.js  (1ms)  (pid 5086)
Compiled bootstrap.js.bak  (0ms)  (pid 5086)
Compiled posts.js  (101ms)  (pid 5086)
Compiled application.js  (144ms)  (pid 5086)
Compiled bootstrap.min.css  (0ms)  (pid 5086)
Compiled bootstrap.css  (0ms)  (pid 5086)
Compiled posts.css  (3ms)  (pid 5086)
Compiled application.css  (14ms)  (pid 5086)
Compiled jquery.js  (3ms)  (pid 5086)
Compiled jquery_ujs.js  (0ms)  (pid 5086)
Compiled bootstrap.min.js  (0ms)  (pid 5086)
Compiled bootstrap.js  (0ms)  (pid 5086)
Compiled bootstrap.js.bak  (0ms)  (pid 5086)
Compiled posts.js  (102ms)  (pid 5086)
Compiled application.js  (146ms)  (pid 5086)
Compiled bootstrap.min.css  (0ms)  (pid 5086)
Compiled bootstrap.css  (0ms)  (pid 5086)
Compiled posts.css  (3ms)  (pid 5086)
Compiled application.css  (13ms)  (pid 5086)
Compiled jquery.js  (4ms)  (pid 5196)
Compiled jquery_ujs.js  (0ms)  (pid 5196)
Compiled bootstrap.min.js  (0ms)  (pid 5196)
Compiled bootstrap.js  (0ms)  (pid 5196)
Compiled bootstrap.js.bak  (0ms)  (pid 5196)
Compiled posts.js  (104ms)  (pid 5196)
Compiled application.js  (148ms)  (pid 5196)
Compiled bootstrap.min.css  (0ms)  (pid 5196)
Compiled bootstrap.css  (0ms)  (pid 5196)
Compiled posts.css  (3ms)  (pid 5196)
Compiled application.css  (15ms)  (pid 5196)
Compiled jquery.js  (4ms)  (pid 5196)
Compiled jquery_ujs.js  (0ms)  (pid 5196)
Compiled bootstrap.min.js  (0ms)  (pid 5196)
Compiled bootstrap.js  (0ms)  (pid 5196)
Compiled bootstrap.js.bak  (0ms)  (pid 5196)
Compiled posts.js  (99ms)  (pid 5196)
Compiled application.js  (142ms)  (pid 5196)
Compiled bootstrap.min.css  (0ms)  (pid 5196)
Compiled bootstrap.css  (0ms)  (pid 5196)
Compiled posts.css  (3ms)  (pid 5196)
Compiled application.css  (13ms)  (pid 5196)
Compiled jquery.js  (4ms)  (pid 6055)
Compiled jquery_ujs.js  (0ms)  (pid 6055)
Compiled bootstrap.min.js  (0ms)  (pid 6055)
Compiled bootstrap.js  (0ms)  (pid 6055)
Compiled bootstrap.js.bak  (0ms)  (pid 6055)
Compiled posts.js  (101ms)  (pid 6055)
Compiled application.js  (145ms)  (pid 6055)
Compiled bootstrap.min.css  (0ms)  (pid 6055)
Compiled bootstrap.css  (0ms)  (pid 6055)
Compiled posts.css  (3ms)  (pid 6055)
Compiled application.css  (13ms)  (pid 6055)
Compiled jquery.js  (4ms)  (pid 6055)
Compiled jquery_ujs.js  (0ms)  (pid 6055)
Compiled bootstrap.min.js  (0ms)  (pid 6055)
Compiled bootstrap.js  (0ms)  (pid 6055)
Compiled bootstrap.js.bak  (0ms)  (pid 6055)
Compiled posts.js  (103ms)  (pid 6055)
Compiled application.js  (147ms)  (pid 6055)
Compiled bootstrap.min.css  (0ms)  (pid 6055)
Compiled bootstrap.css  (0ms)  (pid 6055)
Compiled posts.css  (3ms)  (pid 6055)
Compiled application.css  (14ms)  (pid 6055)
Compiled jquery.js  (3ms)  (pid 6115)
Compiled jquery_ujs.js  (0ms)  (pid 6115)
Compiled bootstrap.min.js  (0ms)  (pid 6115)
Compiled bootstrap.js  (0ms)  (pid 6115)
Compiled bootstrap.js.bak  (0ms)  (pid 6115)
Compiled posts.js  (117ms)  (pid 6115)
Compiled application.js  (159ms)  (pid 6115)
